<acceptance-test-run title="Navigate Simple Product" name="Navigate Simple Product" description="" steps="4" successful="1" failures="1" skipped="0" ignored="0" pending="2" annotated-result="FAILURE" result="FAILURE" duration="10054" timestamp="2016-07-25T23:45:38.618+01:00" session-id="624a0b14-7ed5-4cbc-94f0-3a55002c7ff7">
  <user-story id="luma-product-details-page---category-and-search" name="Luma Product Details Page - Category and Search" path="PDP.feature"/>
  <tags>
    <tag name="Luma Product Details Page - Category and Search" type="feature"/>
    <tag name="eproduct" type="tag"/>
  </tags>
  <examples>
    <datasets>
      <dataset startRow="0" rowCount="0" name="" description=""/>
    </datasets>
    <headers>
      <header>tcat</header>
      <header>eproduct</header>
    </headers>
    <rows>
      <row result="FAILURE">
        <value>Accessories</value>
        <value>New Auto Test</value>
      </row>
    </rows>
  </examples>
  <test-group name="[1] {tcat=Accessories, eproduct=New Auto Test}" result="FAILURE">
    <test-step result="SUCCESS" duration="7082">
      <screenshots>
        <screenshot image="c039bb7e7fe4df51557cda629785667e.png"/>
      </screenshots>
      <description>Given Luma Home Page</description>
    </test-step>
    <test-step result="FAILURE" duration="2969">
      <screenshots>
        <screenshot image="c039bb7e7fe4df51557cda629785667e.png"/>
        <screenshot image="c039bb7e7fe4df51557cda629785667e.png" source="pagesource4371270814548598025.html.txt"/>
      </screenshots>
      <description>When User Click Top Level &quot;Accessories&quot; CTA</description>
      <error>java.lang.AssertionError</error>
      <exception>java.lang.AssertionError:null&#xd;
[com.orevan.serenity.steps.luma.EcommerceSteps.userClickTopLevelCTA(EcommerceSteps.java:20), âœ½.When User Click Top Level &quot;Accessories&quot; CTA(PDP.feature:11)]</exception>
    </test-step>
    <test-step result="PENDING" duration="1">
      <description>And User Click Simple Product &quot;New Auto Test&quot;</description>
    </test-step>
    <test-step result="PENDING" duration="1">
      <description>Then Audi PDP is Displayed with &quot;New Auto Test&quot;</description>
    </test-step>
  </test-group>
</acceptance-test-run>