<?xml version="1.0" encoding="UTF-8"?><testsuite errors="0" failures="24" name="Luma Product List Page" skipped="0" tests="24" time="253.21" timestamp="2016-07-207 11:46:37"><testcase name="Navigate Simple Products Default PLP"><failure type="java.lang.AssertionError"/><system-err>null&#13;
com.orevan.serenity.steps.luma.EcommerceSteps.userClickTopLevelCTA(EcommerceSteps.java:20)&#13;
✽.When User Click Top Level "What's New" CTA(PLP.feature:11)&#13;
</system-err></testcase><testcase name="Navigate Configurable Products Default PLP"><failure type="java.lang.AssertionError"/><system-err>null&#13;
com.orevan.serenity.steps.luma.EcommerceSteps.userClickTopLevelCTA(EcommerceSteps.java:20)&#13;
✽.When User Click Top Level "Clothing" CTA(PLP.feature:23)&#13;
</system-err></testcase><testcase name="Navigate Audi Experience Products Default PLP"><failure type="java.lang.AssertionError"/><system-err>null&#13;
com.orevan.serenity.steps.luma.EcommerceSteps.userClickTopLevelCTA(EcommerceSteps.java:20)&#13;
✽.When User Click Top Level "Audi Driving Experience" CTA(PLP.feature:35)&#13;
</system-err></testcase><testcase name="Navigate Mixed Products Default PLP"><failure type="java.lang.AssertionError"/><system-err>null&#13;
com.orevan.serenity.steps.luma.EcommerceSteps.userClickTopLevelCTA(EcommerceSteps.java:20)&#13;
✽.When User Click Top Level "Code Storm Test" CTA(PLP.feature:47)&#13;
</system-err></testcase><testcase name="Navigate Simple Products PLP List View"><failure type="java.lang.AssertionError"/><system-err>null&#13;
com.orevan.serenity.steps.luma.EcommerceSteps.userClickTopLevelCTA(EcommerceSteps.java:20)&#13;
✽.When User Click Top Level "Model cars" CTA(PLP.feature:59)&#13;
</system-err></testcase><testcase name="Navigate Configurable Products PLP List View"><failure type="java.lang.AssertionError"/><system-err>null&#13;
com.orevan.serenity.steps.luma.EcommerceSteps.userClickTopLevelCTA(EcommerceSteps.java:20)&#13;
✽.When User Click Top Level "Gifts for her" CTA(PLP.feature:72)&#13;
</system-err></testcase><testcase name="Navigate Audi Experience Products PLP List View"><failure type="java.lang.AssertionError"/><system-err>null&#13;
com.orevan.serenity.steps.luma.EcommerceSteps.userClickTopLevelCTA(EcommerceSteps.java:20)&#13;
✽.When User Click Top Level "Audi Driving Experience" CTA(PLP.feature:85)&#13;
</system-err></testcase><testcase name="Navigate Mixed Products PLP List View"><failure type="java.lang.AssertionError"/><system-err>null&#13;
com.orevan.serenity.steps.luma.EcommerceSteps.userClickTopLevelCTA(EcommerceSteps.java:20)&#13;
✽.When User Click Top Level "Gifts for him" CTA(PLP.feature:98)&#13;
</system-err></testcase></testsuite>